<?xml version="1.0" encoding="UTF-8"?>
<!-- Generated by org.testng.reporters.JUnitReportReporter -->
<testsuite skipped="0" hostname="86fcdd887893" name="com.searchmodule.test.SearchTest" tests="4" failures="0" timestamp="27 Feb 2023 11:46:21 GMT" time="8.582" errors="0">
  <testcase name="searchTest" time="2.117" classname="com.searchmodule.test.SearchTest"/>
  <testcase name="searchTest" time="2.090" classname="com.searchmodule.test.SearchTest"/>
  <testcase name="searchTest" time="2.203" classname="com.searchmodule.test.SearchTest"/>
  <testcase name="searchTest" time="2.172" classname="com.searchmodule.test.SearchTest"/>
</testsuite> <!-- com.searchmodule.test.SearchTest -->
