<?xml version="1.0" encoding="UTF-8"?>
<!-- Generated by org.testng.reporters.JUnitReportReporter -->
<testsuite skipped="0" hostname="6127bea92f82" name="com.newtours.test.BookFlightTest" tests="24" failures="0" timestamp="01 Mar 2023 12:24:47 GMT" time="29.233" errors="0">
  <testcase name="flightDetailsPageTest" time="1.400" classname="com.newtours.test.BookFlightTest"/>
  <testcase name="findFlightsPage" time="0.084" classname="com.newtours.test.BookFlightTest"/>
  <testcase name="billingAddressPage" time="0.184" classname="com.newtours.test.BookFlightTest"/>
  <testcase name="flightItineraryPage" time="0.307" classname="com.newtours.test.BookFlightTest"/>
  <testcase name="registrationPageTest" time="5.094" classname="com.newtours.test.BookFlightTest"/>
  <testcase name="billingAddressPage" time="0.177" classname="com.newtours.test.BookFlightTest"/>
  <testcase name="findFlightsPage" time="0.065" classname="com.newtours.test.BookFlightTest"/>
  <testcase name="registrationConfirmationPageTest" time="0.235" classname="com.newtours.test.BookFlightTest"/>
  <testcase name="flightDetailsPageTest" time="1.479" classname="com.newtours.test.BookFlightTest"/>
  <testcase name="registrationConfirmationPageTest" time="0.249" classname="com.newtours.test.BookFlightTest"/>
  <testcase name="flightItineraryPage" time="0.315" classname="com.newtours.test.BookFlightTest"/>
  <testcase name="findFlightsPage" time="0.082" classname="com.newtours.test.BookFlightTest"/>
  <testcase name="billingAddressPage" time="0.180" classname="com.newtours.test.BookFlightTest"/>
  <testcase name="registrationConfirmationPageTest" time="0.311" classname="com.newtours.test.BookFlightTest"/>
  <testcase name="flightDetailsPageTest" time="1.302" classname="com.newtours.test.BookFlightTest"/>
  <testcase name="flightDetailsPageTest" time="1.483" classname="com.newtours.test.BookFlightTest"/>
  <testcase name="flightItineraryPage" time="0.363" classname="com.newtours.test.BookFlightTest"/>
  <testcase name="flightItineraryPage" time="0.346" classname="com.newtours.test.BookFlightTest"/>
  <testcase name="registrationConfirmationPageTest" time="0.186" classname="com.newtours.test.BookFlightTest"/>
  <testcase name="findFlightsPage" time="0.063" classname="com.newtours.test.BookFlightTest"/>
  <testcase name="registrationPageTest" time="4.968" classname="com.newtours.test.BookFlightTest"/>
  <testcase name="registrationPageTest" time="5.230" classname="com.newtours.test.BookFlightTest"/>
  <testcase name="billingAddressPage" time="0.156" classname="com.newtours.test.BookFlightTest"/>
  <testcase name="registrationPageTest" time="4.974" classname="com.newtours.test.BookFlightTest"/>
</testsuite> <!-- com.newtours.test.BookFlightTest -->
