<?xml version="1.0" encoding="UTF-8"?>
<!-- Generated by org.testng.reporters.JUnitReportReporter -->
<testsuite skipped="0" hostname="3b9f2fd243bb" name="com.searchmodule.test.SearchTest" tests="4" failures="0" timestamp="01 Mar 2023 11:54:43 GMT" time="10.738" errors="0">
  <testcase name="searchTest" time="2.498" classname="com.searchmodule.test.SearchTest"/>
  <testcase name="searchTest" time="2.893" classname="com.searchmodule.test.SearchTest"/>
  <testcase name="searchTest" time="2.625" classname="com.searchmodule.test.SearchTest"/>
  <testcase name="searchTest" time="2.722" classname="com.searchmodule.test.SearchTest"/>
</testsuite> <!-- com.searchmodule.test.SearchTest -->
